This file contains any messages produced by compilers while
running configure, to aid debugging if configure makes a mistake.

It was created by RISC-V Proxy Kernel configure ?, which was
generated by GNU Autoconf 2.69.  Invocation command line was

  $ /home/sandip/Desktop/test/seL/tools/riscv-pk/configure --quiet --host=riscv64-unknown-elf --with-payload=/home/sandip/Desktop/test/seL/build-riscv/elfloader-tool/elfloader

## --------- ##
## Platform. ##
## --------- ##

hostname = sandip-HP-Pavilion-Notebook
uname -m = x86_64
uname -r = 4.15.0-43-generic
uname -s = Linux
uname -v = #46~16.04.1-Ubuntu SMP Fri Dec 7 13:31:08 UTC 2018

/usr/bin/uname -p = unknown
/bin/uname -X     = unknown

/bin/arch              = unknown
/usr/bin/arch -k       = unknown
/usr/convex/getsysinfo = unknown
/usr/bin/hostinfo      = unknown
/bin/machine           = unknown
/usr/bin/oslevel       = unknown
/bin/universe          = unknown

PATH: /home/sandip/bin
PATH: /home/sandip/.local/bin
PATH: /usr/local/sbin
PATH: /usr/local/bin
PATH: /usr/sbin
PATH: /usr/bin
PATH: /sbin
PATH: /bin
PATH: /usr/games
PATH: /usr/local/games
PATH: /snap/bin
PATH: /home/sandip/riscv/bin


## ----------- ##
## Core tests. ##
## ----------- ##

configure:1972: checking build system type
configure:1986: result: x86_64-pc-linux-gnu
configure:2006: checking host system type
configure:2019: result: riscv64-unknown-elf
configure:2052: checking for riscv64-unknown-elf-gcc
configure:2068: found /home/sandip/riscv/bin/riscv64-unknown-elf-gcc
configure:2079: result: riscv64-unknown-elf-gcc
configure:2348: checking for C compiler version
configure:2357: riscv64-unknown-elf-gcc --version >&5
riscv64-unknown-elf-gcc (GCC) 7.2.0
Copyright (C) 2017 Free Software Foundation, Inc.
This is free software; see the source for copying conditions.  There is NO
warranty; not even for MERCHANTABILITY or FITNESS FOR A PARTICULAR PURPOSE.

configure:2368: $? = 0
configure:2357: riscv64-unknown-elf-gcc -v >&5
Using built-in specs.
COLLECT_GCC=riscv64-unknown-elf-gcc
COLLECT_LTO_WRAPPER=/home/sandip/riscv/libexec/gcc/riscv64-unknown-elf/7.2.0/lto-wrapper
Target: riscv64-unknown-elf
Configured with: /home/sandip/riscv/riscv-tools/riscv-gnu-toolchain/build/../riscv-gcc/configure --target=riscv64-unknown-elf --prefix=/home/sandip/riscv --disable-shared --disable-threads --enable-languages=c,c++ --with-system-zlib --enable-tls --with-newlib --with-sysroot=/home/sandip/riscv/riscv64-unknown-elf --with-native-system-header-dir=/include --disable-libmudflap --disable-libssp --disable-libquadmath --disable-libgomp --disable-nls --src=../../riscv-gcc --enable-checking=yes --enable-multilib --with-abi=lp64 --with-arch=rv64imafdc 'CFLAGS_FOR_TARGET=-Os  -mcmodel=medlow'
Thread model: single
gcc version 7.2.0 (GCC) 
configure:2368: $? = 0
configure:2357: riscv64-unknown-elf-gcc -V >&5
riscv64-unknown-elf-gcc: error: unrecognized command line option '-V'
riscv64-unknown-elf-gcc: fatal error: no input files
compilation terminated.
configure:2368: $? = 1
configure:2357: riscv64-unknown-elf-gcc -qversion >&5
riscv64-unknown-elf-gcc: error: unrecognized command line option '-qversion'; did you mean '--version'?
riscv64-unknown-elf-gcc: fatal error: no input files
compilation terminated.
configure:2368: $? = 1
configure:2388: checking whether the C compiler works
configure:2410: riscv64-unknown-elf-gcc    conftest.c  >&5
configure:2414: $? = 0
configure:2462: result: yes
configure:2465: checking for C compiler default output file name
configure:2467: result: a.out
configure:2473: checking for suffix of executables
configure:2480: riscv64-unknown-elf-gcc -o conftest    conftest.c  >&5
configure:2484: $? = 0
configure:2506: result: 
configure:2528: checking whether we are cross compiling
configure:2536: riscv64-unknown-elf-gcc -o conftest    conftest.c  >&5
configure:2540: $? = 0
configure:2547: ./conftest
/home/sandip/Desktop/test/seL/tools/riscv-pk/configure: line 2549: ./conftest: cannot execute binary file: Exec format error
configure:2551: $? = 126
configure:2566: result: yes
configure:2571: checking for suffix of object files
configure:2593: riscv64-unknown-elf-gcc -c   conftest.c >&5
configure:2597: $? = 0
configure:2618: result: o
configure:2622: checking whether we are using the GNU C compiler
configure:2641: riscv64-unknown-elf-gcc -c   conftest.c >&5
configure:2641: $? = 0
configure:2650: result: yes
configure:2659: checking whether riscv64-unknown-elf-gcc accepts -g
configure:2679: riscv64-unknown-elf-gcc -c -g  conftest.c >&5
configure:2679: $? = 0
configure:2720: result: yes
configure:2737: checking for riscv64-unknown-elf-gcc option to accept ISO C89
configure:2800: riscv64-unknown-elf-gcc  -c -g -O2  conftest.c >&5
configure:2800: $? = 0
configure:2813: result: none needed
configure:2847: checking for riscv64-unknown-elf-g++
configure:2863: found /home/sandip/riscv/bin/riscv64-unknown-elf-g++
configure:2874: result: riscv64-unknown-elf-g++
configure:2945: checking for C++ compiler version
configure:2954: riscv64-unknown-elf-g++ --version >&5
riscv64-unknown-elf-g++ (GCC) 7.2.0
Copyright (C) 2017 Free Software Foundation, Inc.
This is free software; see the source for copying conditions.  There is NO
warranty; not even for MERCHANTABILITY or FITNESS FOR A PARTICULAR PURPOSE.

configure:2965: $? = 0
configure:2954: riscv64-unknown-elf-g++ -v >&5
Using built-in specs.
COLLECT_GCC=riscv64-unknown-elf-g++
COLLECT_LTO_WRAPPER=/home/sandip/riscv/libexec/gcc/riscv64-unknown-elf/7.2.0/lto-wrapper
Target: riscv64-unknown-elf
Configured with: /home/sandip/riscv/riscv-tools/riscv-gnu-toolchain/build/../riscv-gcc/configure --target=riscv64-unknown-elf --prefix=/home/sandip/riscv --disable-shared --disable-threads --enable-languages=c,c++ --with-system-zlib --enable-tls --with-newlib --with-sysroot=/home/sandip/riscv/riscv64-unknown-elf --with-native-system-header-dir=/include --disable-libmudflap --disable-libssp --disable-libquadmath --disable-libgomp --disable-nls --src=../../riscv-gcc --enable-checking=yes --enable-multilib --with-abi=lp64 --with-arch=rv64imafdc 'CFLAGS_FOR_TARGET=-Os  -mcmodel=medlow'
Thread model: single
gcc version 7.2.0 (GCC) 
configure:2965: $? = 0
configure:2954: riscv64-unknown-elf-g++ -V >&5
riscv64-unknown-elf-g++: error: unrecognized command line option '-V'
riscv64-unknown-elf-g++: fatal error: no input files
compilation terminated.
configure:2965: $? = 1
configure:2954: riscv64-unknown-elf-g++ -qversion >&5
riscv64-unknown-elf-g++: error: unrecognized command line option '-qversion'; did you mean '--version'?
riscv64-unknown-elf-g++: fatal error: no input files
compilation terminated.
configure:2965: $? = 1
configure:2969: checking whether we are using the GNU C++ compiler
configure:2988: riscv64-unknown-elf-g++ -c   conftest.cpp >&5
configure:2988: $? = 0
configure:2997: result: yes
configure:3006: checking whether riscv64-unknown-elf-g++ accepts -g
configure:3026: riscv64-unknown-elf-g++ -c -g  conftest.cpp >&5
configure:3026: $? = 0
configure:3067: result: yes
configure:3093: checking for riscv64-unknown-elf-ar
configure:3109: found /home/sandip/riscv/bin/riscv64-unknown-elf-ar
configure:3120: result: riscv64-unknown-elf-ar
configure:3185: checking for riscv64-unknown-elf-ranlib
configure:3201: found /home/sandip/riscv/bin/riscv64-unknown-elf-ranlib
configure:3212: result: riscv64-unknown-elf-ranlib
configure:3277: checking for riscv64-unknown-elf-readelf
configure:3293: found /home/sandip/riscv/bin/riscv64-unknown-elf-readelf
configure:3304: result: riscv64-unknown-elf-readelf
configure:3369: checking for riscv64-unknown-elf-objcopy
configure:3385: found /home/sandip/riscv/bin/riscv64-unknown-elf-objcopy
configure:3396: result: riscv64-unknown-elf-objcopy
configure:3480: checking for a BSD-compatible install
configure:3548: result: /usr/bin/install -c
configure:3689: checking how to run the C preprocessor
configure:3720: riscv64-unknown-elf-gcc -E  conftest.c
configure:3720: $? = 0
configure:3734: riscv64-unknown-elf-gcc -E  conftest.c
conftest.c:9:10: fatal error: ac_nonexistent.h: No such file or directory
 #include <ac_nonexistent.h>
          ^~~~~~~~~~~~~~~~~~
compilation terminated.
configure:3734: $? = 1
configure: failed program was:
| /* confdefs.h */
| #define PACKAGE_NAME "RISC-V Proxy Kernel"
| #define PACKAGE_TARNAME "riscv-pk"
| #define PACKAGE_VERSION "?"
| #define PACKAGE_STRING "RISC-V Proxy Kernel ?"
| #define PACKAGE_BUGREPORT "Andrew Waterman"
| #define PACKAGE_URL ""
| /* end confdefs.h.  */
| #include <ac_nonexistent.h>
configure:3759: result: riscv64-unknown-elf-gcc -E
configure:3779: riscv64-unknown-elf-gcc -E  conftest.c
configure:3779: $? = 0
configure:3793: riscv64-unknown-elf-gcc -E  conftest.c
conftest.c:9:10: fatal error: ac_nonexistent.h: No such file or directory
 #include <ac_nonexistent.h>
          ^~~~~~~~~~~~~~~~~~
compilation terminated.
configure:3793: $? = 1
configure: failed program was:
| /* confdefs.h */
| #define PACKAGE_NAME "RISC-V Proxy Kernel"
| #define PACKAGE_TARNAME "riscv-pk"
| #define PACKAGE_VERSION "?"
| #define PACKAGE_STRING "RISC-V Proxy Kernel ?"
| #define PACKAGE_BUGREPORT "Andrew Waterman"
| #define PACKAGE_URL ""
| /* end confdefs.h.  */
| #include <ac_nonexistent.h>
configure:3822: checking for grep that handles long lines and -e
configure:3880: result: /bin/grep
configure:3885: checking for egrep
configure:3947: result: /bin/grep -E
configure:3952: checking for ANSI C header files
configure:3972: riscv64-unknown-elf-gcc -c -g -O2  conftest.c >&5
configure:3972: $? = 0
configure:4056: result: yes
configure:4173: configuring default subproject : pk
configure:4230: configuring default subproject : bbl
configure:4320: configuring default subproject : softfloat
configure:4365: configuring default subproject : dummy_payload
configure:4410: configuring default subproject : machine
configure:4467: configuring default subproject : util
configure:4621: creating ./config.status

## ---------------------- ##
## Running config.status. ##
## ---------------------- ##

This file was extended by RISC-V Proxy Kernel config.status ?, which was
generated by GNU Autoconf 2.69.  Invocation command line was

  CONFIG_FILES    = 
  CONFIG_HEADERS  = 
  CONFIG_LINKS    = 
  CONFIG_COMMANDS = 
  $ ./config.status --quiet

on sandip-HP-Pavilion-Notebook

config.status:832: creating pk.mk
config.status:832: creating bbl.mk
config.status:832: creating softfloat.mk
config.status:832: creating dummy_payload.mk
config.status:832: creating machine.mk
config.status:832: creating util.mk
config.status:832: creating Makefile
config.status:832: creating config.h

## ---------------- ##
## Cache variables. ##
## ---------------- ##

ac_cv_build=x86_64-pc-linux-gnu
ac_cv_c_compiler_gnu=yes
ac_cv_cxx_compiler_gnu=yes
ac_cv_env_CCC_set=
ac_cv_env_CCC_value=
ac_cv_env_CC_set=
ac_cv_env_CC_value=
ac_cv_env_CFLAGS_set=
ac_cv_env_CFLAGS_value=
ac_cv_env_CPPFLAGS_set=
ac_cv_env_CPPFLAGS_value=
ac_cv_env_CPP_set=
ac_cv_env_CPP_value=
ac_cv_env_CXXFLAGS_set=
ac_cv_env_CXXFLAGS_value=
ac_cv_env_CXX_set=
ac_cv_env_CXX_value=
ac_cv_env_LDFLAGS_set=
ac_cv_env_LDFLAGS_value=
ac_cv_env_LIBS_set=
ac_cv_env_LIBS_value=
ac_cv_env_RISCV_set=set
ac_cv_env_RISCV_value=/home/sandip/riscv
ac_cv_env_STOW_PREFIX_set=
ac_cv_env_STOW_PREFIX_value=
ac_cv_env_STOW_ROOT_set=
ac_cv_env_STOW_ROOT_value=
ac_cv_env_build_alias_set=
ac_cv_env_build_alias_value=
ac_cv_env_host_alias_set=set
ac_cv_env_host_alias_value=riscv64-unknown-elf
ac_cv_env_target_alias_set=
ac_cv_env_target_alias_value=
ac_cv_header_stdc=yes
ac_cv_host=riscv64-unknown-elf
ac_cv_objext=o
ac_cv_path_EGREP='/bin/grep -E'
ac_cv_path_GREP=/bin/grep
ac_cv_path_install='/usr/bin/install -c'
ac_cv_prog_AR=riscv64-unknown-elf-ar
ac_cv_prog_CC=riscv64-unknown-elf-gcc
ac_cv_prog_CPP='riscv64-unknown-elf-gcc -E'
ac_cv_prog_CXX=riscv64-unknown-elf-g++
ac_cv_prog_OBJCOPY=riscv64-unknown-elf-objcopy
ac_cv_prog_RANLIB=riscv64-unknown-elf-ranlib
ac_cv_prog_READELF=riscv64-unknown-elf-readelf
ac_cv_prog_cc_c89=
ac_cv_prog_cc_g=yes
ac_cv_prog_cxx_g=yes

## ----------------- ##
## Output variables. ##
## ----------------- ##

AR='riscv64-unknown-elf-ar'
BBL_LOGO_FILE='riscv_logo.txt'
BBL_PAYLOAD='/home/sandip/Desktop/test/seL/build-riscv/elfloader-tool/elfloader'
CC='riscv64-unknown-elf-gcc'
CFLAGS='-Wall -Werror -D__NO_INLINE__ -mcmodel=medany -O2 -std=gnu99 -Wno-unused -Wno-attributes -fno-delete-null-pointer-checks -fno-PIE'
CPP='riscv64-unknown-elf-gcc -E'
CPPFLAGS=''
CXX='riscv64-unknown-elf-g++'
CXXFLAGS='-g -O2'
DEFS='-DHAVE_CONFIG_H'
ECHO_C=''
ECHO_N='-n'
ECHO_T=''
EGREP='/bin/grep -E'
EXEEXT=''
GREP='/bin/grep'
INSTALL_DATA='${INSTALL} -m 644'
INSTALL_PROGRAM='${INSTALL}'
INSTALL_SCRIPT='${INSTALL}'
LDFLAGS=' -Wl,--build-id=none'
LIBOBJS=''
LIBS='-lgcc'
LTLIBOBJS=''
OBJCOPY='riscv64-unknown-elf-objcopy'
OBJEXT='o'
PACKAGE_BUGREPORT='Andrew Waterman'
PACKAGE_NAME='RISC-V Proxy Kernel'
PACKAGE_STRING='RISC-V Proxy Kernel ?'
PACKAGE_TARNAME='riscv-pk'
PACKAGE_URL=''
PACKAGE_VERSION='?'
PATH_SEPARATOR=':'
RANLIB='riscv64-unknown-elf-ranlib'
READELF='riscv64-unknown-elf-readelf'
RISCV='/home/sandip/riscv'
SHELL='/bin/bash'
STOW_PREFIX=''
STOW_ROOT=''
ac_ct_CC=''
ac_ct_CXX=''
bindir='${exec_prefix}/bin'
build='x86_64-pc-linux-gnu'
build_alias=''
build_cpu='x86_64'
build_os='linux-gnu'
build_vendor='pc'
datadir='${datarootdir}'
datarootdir='${prefix}/share'
docdir='${datarootdir}/doc/${PACKAGE_TARNAME}'
dvidir='${docdir}'
enable_stow='no'
exec_prefix='${prefix}'
host='riscv64-unknown-elf'
host_alias='riscv64-unknown-elf'
host_cpu='riscv64'
host_os='elf'
host_vendor='unknown'
htmldir='${docdir}'
includedir='${prefix}/include'
infodir='${datarootdir}/info'
install_subdir='riscv64-unknown-elf'
libdir='${exec_prefix}/lib'
libexecdir='${exec_prefix}/libexec'
localedir='${datarootdir}/locale'
localstatedir='${prefix}/var'
mandir='${datarootdir}/man'
oldincludedir='/usr/include'
pdfdir='${docdir}'
prefix='/usr/local'
program_transform_name='s,x,x,'
psdir='${docdir}'
runstatedir='${localstatedir}/run'
sbindir='${exec_prefix}/sbin'
sharedstatedir='${prefix}/com'
stow=''
subprojects=' pk bbl softfloat dummy_payload machine util'
subprojects_enabled=' pk bbl softfloat dummy_payload machine util'
sysconfdir='${prefix}/etc'
target_alias=''

## ----------- ##
## confdefs.h. ##
## ----------- ##

/* confdefs.h */
#define PACKAGE_NAME "RISC-V Proxy Kernel"
#define PACKAGE_TARNAME "riscv-pk"
#define PACKAGE_VERSION "?"
#define PACKAGE_STRING "RISC-V Proxy Kernel ?"
#define PACKAGE_BUGREPORT "Andrew Waterman"
#define PACKAGE_URL ""
#define STDC_HEADERS 1
#define PK_ENABLED /**/
#define PK_ENABLE_VM /**/
#define BBL_ENABLED /**/
#define SOFTFLOAT_ENABLED /**/
#define DUMMY_PAYLOAD_ENABLED /**/
#define MACHINE_ENABLED /**/
#define PK_ENABLE_FP_EMULATION /**/
#define UTIL_ENABLED /**/

configure: exit 0
